[2023-08-06 08:48:34] production.INFO: Exception Message:
Message: Symfony\Component\HttpFoundation\RedirectResponse::__construct(): Argument #2 ($status) must be of type int, string given, called in /home/choice21/public_html/jinfeng/app/Helpers/redirect.php on line 21
Code: 0
File: /home/choice21/public_html/jinfeng/vendor/symfony/http-foundation/RedirectResponse.php
Line: 35
  
[2023-08-07 15:06:48] production.INFO: Exception Message:
Message: Symfony\Component\HttpFoundation\RedirectResponse::__construct(): Argument #2 ($status) must be of type int, string given, called in /home/choice21/public_html/jinfeng/app/Helpers/redirect.php on line 21
Code: 0
File: /home/choice21/public_html/jinfeng/vendor/symfony/http-foundation/RedirectResponse.php
Line: 35
  
[2023-08-09 21:42:58] production.INFO: Exception Message:
Message: Symfony\Component\HttpFoundation\RedirectResponse::__construct(): Argument #2 ($status) must be of type int, string given, called in /home/choice21/public_html/jinfeng/app/Helpers/redirect.php on line 21
Code: 0
File: /home/choice21/public_html/jinfeng/vendor/symfony/http-foundation/RedirectResponse.php
Line: 35
  
[2023-08-09 21:46:06] production.INFO: Exception Message:
Message: Symfony\Component\HttpFoundation\RedirectResponse::__construct(): Argument #2 ($status) must be of type int, string given, called in /home/choice21/public_html/jinfeng/app/Helpers/redirect.php on line 21
Code: 0
File: /home/choice21/public_html/jinfeng/vendor/symfony/http-foundation/RedirectResponse.php
Line: 35
  
[2023-08-10 01:22:07] production.INFO: Exception Message:
Message: Symfony\Component\HttpFoundation\RedirectResponse::__construct(): Argument #2 ($status) must be of type int, string given, called in /home/choice21/public_html/jinfeng/app/Helpers/redirect.php on line 21
Code: 0
File: /home/choice21/public_html/jinfeng/vendor/symfony/http-foundation/RedirectResponse.php
Line: 35
  
[2023-08-10 03:41:28] production.INFO: Exception Message:
Message: Symfony\Component\HttpFoundation\RedirectResponse::__construct(): Argument #2 ($status) must be of type int, string given, called in /home/choice21/public_html/jinfeng/app/Helpers/redirect.php on line 21
Code: 0
File: /home/choice21/public_html/jinfeng/vendor/symfony/http-foundation/RedirectResponse.php
Line: 35
  
[2023-08-10 07:28:15] production.INFO: Exception Message:
Message: Symfony\Component\HttpFoundation\RedirectResponse::__construct(): Argument #2 ($status) must be of type int, string given, called in /home/choice21/public_html/jinfeng/app/Helpers/redirect.php on line 21
Code: 0
File: /home/choice21/public_html/jinfeng/vendor/symfony/http-foundation/RedirectResponse.php
Line: 35
  
[2023-08-10 23:25:48] production.INFO: Exception Message:
Message: Symfony\Component\HttpFoundation\RedirectResponse::__construct(): Argument #2 ($status) must be of type int, string given, called in /home/choice21/public_html/jinfeng/app/Helpers/redirect.php on line 21
Code: 0
File: /home/choice21/public_html/jinfeng/vendor/symfony/http-foundation/RedirectResponse.php
Line: 35
  
[2023-08-10 23:44:55] production.INFO: Exception Message:
Message: Symfony\Component\HttpFoundation\RedirectResponse::__construct(): Argument #2 ($status) must be of type int, string given, called in /home/choice21/public_html/jinfeng/app/Helpers/redirect.php on line 21
Code: 0
File: /home/choice21/public_html/jinfeng/vendor/symfony/http-foundation/RedirectResponse.php
Line: 35
  
[2023-08-11 00:01:33] production.INFO: Exception Message:
Message: Symfony\Component\HttpFoundation\RedirectResponse::__construct(): Argument #2 ($status) must be of type int, string given, called in /home/choice21/public_html/jinfeng/app/Helpers/redirect.php on line 21
Code: 0
File: /home/choice21/public_html/jinfeng/vendor/symfony/http-foundation/RedirectResponse.php
Line: 35
  
[2023-08-11 07:24:35] production.INFO: Exception Message:
Message: Symfony\Component\HttpFoundation\RedirectResponse::__construct(): Argument #2 ($status) must be of type int, string given, called in /home/choice21/public_html/jinfeng/app/Helpers/redirect.php on line 21
Code: 0
File: /home/choice21/public_html/jinfeng/vendor/symfony/http-foundation/RedirectResponse.php
Line: 35
  
[2023-08-13 00:30:23] production.INFO: Exception Message:
Message: Symfony\Component\HttpFoundation\RedirectResponse::__construct(): Argument #2 ($status) must be of type int, string given, called in /home/choice21/public_html/jinfeng/app/Helpers/redirect.php on line 21
Code: 0
File: /home/choice21/public_html/jinfeng/vendor/symfony/http-foundation/RedirectResponse.php
Line: 35
  
[2023-08-13 22:57:36] production.INFO: Exception Message:
Message: Symfony\Component\HttpFoundation\RedirectResponse::__construct(): Argument #2 ($status) must be of type int, string given, called in /home/choice21/public_html/jinfeng/app/Helpers/redirect.php on line 21
Code: 0
File: /home/choice21/public_html/jinfeng/vendor/symfony/http-foundation/RedirectResponse.php
Line: 35
  
[2023-08-14 01:47:18] production.INFO: Exception Message:
Message: implode(): Argument #1 ($pieces) must be of type array, string given
Code: 0
File: /home/choice21/public_html/jinfeng/app/Controller/Web/ContactController.php
Line: 41
  
[2023-08-14 01:49:31] production.INFO: Exception Message:
Message: implode(): Argument #1 ($pieces) must be of type array, string given
Code: 0
File: /home/choice21/public_html/jinfeng/app/Controller/Web/ContactController.php
Line: 41
  
[2023-08-16 15:31:06] production.INFO: Exception Message:
Message: Symfony\Component\HttpFoundation\RedirectResponse::__construct(): Argument #2 ($status) must be of type int, string given, called in /home/choice21/public_html/jinfeng/app/Helpers/redirect.php on line 21
Code: 0
File: /home/choice21/public_html/jinfeng/vendor/symfony/http-foundation/RedirectResponse.php
Line: 35
  
[2023-08-16 17:49:38] production.INFO: Exception Message:
Message: Symfony\Component\HttpFoundation\RedirectResponse::__construct(): Argument #2 ($status) must be of type int, string given, called in /home/choice21/public_html/jinfeng/app/Helpers/redirect.php on line 21
Code: 0
File: /home/choice21/public_html/jinfeng/vendor/symfony/http-foundation/RedirectResponse.php
Line: 35
  
[2023-08-17 03:10:53] production.INFO: Exception Message:
Message: Symfony\Component\HttpFoundation\RedirectResponse::__construct(): Argument #2 ($status) must be of type int, string given, called in /home/choice21/public_html/jinfeng/app/Helpers/redirect.php on line 21
Code: 0
File: /home/choice21/public_html/jinfeng/vendor/symfony/http-foundation/RedirectResponse.php
Line: 35
  
[2023-08-17 08:55:12] production.INFO: Exception Message:
Message: Symfony\Component\HttpFoundation\RedirectResponse::__construct(): Argument #2 ($status) must be of type int, string given, called in /home/choice21/public_html/jinfeng/app/Helpers/redirect.php on line 21
Code: 0
File: /home/choice21/public_html/jinfeng/vendor/symfony/http-foundation/RedirectResponse.php
Line: 35
  
[2023-08-17 17:02:40] production.INFO: Exception Message:
Message: Symfony\Component\HttpFoundation\RedirectResponse::__construct(): Argument #2 ($status) must be of type int, string given, called in /home/choice21/public_html/jinfeng/app/Helpers/redirect.php on line 21
Code: 0
File: /home/choice21/public_html/jinfeng/vendor/symfony/http-foundation/RedirectResponse.php
Line: 35
  
[2023-08-17 17:49:47] production.INFO: Exception Message:
Message: Symfony\Component\HttpFoundation\RedirectResponse::__construct(): Argument #2 ($status) must be of type int, string given, called in /home/choice21/public_html/jinfeng/app/Helpers/redirect.php on line 21
Code: 0
File: /home/choice21/public_html/jinfeng/vendor/symfony/http-foundation/RedirectResponse.php
Line: 35
  
[2023-08-18 00:56:35] production.INFO: Exception Message:
Message: Symfony\Component\HttpFoundation\RedirectResponse::__construct(): Argument #2 ($status) must be of type int, string given, called in /home/choice21/public_html/jinfeng/app/Helpers/redirect.php on line 21
Code: 0
File: /home/choice21/public_html/jinfeng/vendor/symfony/http-foundation/RedirectResponse.php
Line: 35
  
[2023-08-18 01:22:02] production.INFO: Exception Message:
Message: Symfony\Component\HttpFoundation\RedirectResponse::__construct(): Argument #2 ($status) must be of type int, string given, called in /home/choice21/public_html/jinfeng/app/Helpers/redirect.php on line 21
Code: 0
File: /home/choice21/public_html/jinfeng/vendor/symfony/http-foundation/RedirectResponse.php
Line: 35
  
[2023-08-19 01:13:19] production.INFO: Exception Message:
Message: Symfony\Component\HttpFoundation\RedirectResponse::__construct(): Argument #2 ($status) must be of type int, string given, called in /home/choice21/public_html/jinfeng/app/Helpers/redirect.php on line 21
Code: 0
File: /home/choice21/public_html/jinfeng/vendor/symfony/http-foundation/RedirectResponse.php
Line: 35
  
[2023-08-19 07:59:55] production.INFO: Exception Message:
Message: Symfony\Component\HttpFoundation\RedirectResponse::__construct(): Argument #2 ($status) must be of type int, string given, called in /home/choice21/public_html/jinfeng/app/Helpers/redirect.php on line 21
Code: 0
File: /home/choice21/public_html/jinfeng/vendor/symfony/http-foundation/RedirectResponse.php
Line: 35
  
[2023-08-20 16:18:44] production.INFO: Exception Message:
Message: Symfony\Component\HttpFoundation\RedirectResponse::__construct(): Argument #2 ($status) must be of type int, string given, called in /home/choice21/public_html/jinfeng/app/Helpers/redirect.php on line 21
Code: 0
File: /home/choice21/public_html/jinfeng/vendor/symfony/http-foundation/RedirectResponse.php
Line: 35
  
[2023-08-20 22:43:41] production.INFO: Exception Message:
Message: Symfony\Component\HttpFoundation\RedirectResponse::__construct(): Argument #2 ($status) must be of type int, string given, called in /home/choice21/public_html/jinfeng/app/Helpers/redirect.php on line 21
Code: 0
File: /home/choice21/public_html/jinfeng/vendor/symfony/http-foundation/RedirectResponse.php
Line: 35
  
[2023-08-21 01:44:58] production.INFO: Exception Message:
Message: Symfony\Component\HttpFoundation\RedirectResponse::__construct(): Argument #2 ($status) must be of type int, string given, called in /home/choice21/public_html/jinfeng/app/Helpers/redirect.php on line 21
Code: 0
File: /home/choice21/public_html/jinfeng/vendor/symfony/http-foundation/RedirectResponse.php
Line: 35
  
[2023-08-21 03:59:11] production.INFO: Exception Message:
Message: Symfony\Component\HttpFoundation\RedirectResponse::__construct(): Argument #2 ($status) must be of type int, string given, called in /home/choice21/public_html/jinfeng/app/Helpers/redirect.php on line 21
Code: 0
File: /home/choice21/public_html/jinfeng/vendor/symfony/http-foundation/RedirectResponse.php
Line: 35
  
[2023-08-21 20:08:37] production.INFO: Exception Message:
Message: Symfony\Component\HttpFoundation\RedirectResponse::__construct(): Argument #2 ($status) must be of type int, string given, called in /home/choice21/public_html/jinfeng/app/Helpers/redirect.php on line 21
Code: 0
File: /home/choice21/public_html/jinfeng/vendor/symfony/http-foundation/RedirectResponse.php
Line: 35
  
[2023-08-22 05:12:31] production.INFO: Exception Message:
Message: Symfony\Component\HttpFoundation\RedirectResponse::__construct(): Argument #2 ($status) must be of type int, string given, called in /home/choice21/public_html/jinfeng/app/Helpers/redirect.php on line 21
Code: 0
File: /home/choice21/public_html/jinfeng/vendor/symfony/http-foundation/RedirectResponse.php
Line: 35
  
[2023-08-22 17:14:37] production.INFO: Exception Message:
Message: Symfony\Component\HttpFoundation\RedirectResponse::__construct(): Argument #2 ($status) must be of type int, string given, called in /home/choice21/public_html/jinfeng/app/Helpers/redirect.php on line 21
Code: 0
File: /home/choice21/public_html/jinfeng/vendor/symfony/http-foundation/RedirectResponse.php
Line: 35
  
[2023-08-22 23:36:42] production.INFO: Exception Message:
Message: Symfony\Component\HttpFoundation\RedirectResponse::__construct(): Argument #2 ($status) must be of type int, string given, called in /home/choice21/public_html/jinfeng/app/Helpers/redirect.php on line 21
Code: 0
File: /home/choice21/public_html/jinfeng/vendor/symfony/http-foundation/RedirectResponse.php
Line: 35
  
[2023-08-24 00:05:07] production.INFO: Exception Message:
Message: Symfony\Component\HttpFoundation\RedirectResponse::__construct(): Argument #2 ($status) must be of type int, string given, called in /home/choice21/public_html/jinfeng/app/Helpers/redirect.php on line 21
Code: 0
File: /home/choice21/public_html/jinfeng/vendor/symfony/http-foundation/RedirectResponse.php
Line: 35
  
[2023-08-25 17:39:57] production.INFO: Exception Message:
Message: Symfony\Component\HttpFoundation\RedirectResponse::__construct(): Argument #2 ($status) must be of type int, string given, called in /home/choice21/public_html/jinfeng/app/Helpers/redirect.php on line 21
Code: 0
File: /home/choice21/public_html/jinfeng/vendor/symfony/http-foundation/RedirectResponse.php
Line: 35
  
[2023-08-26 20:53:36] production.INFO: Exception Message:
Message: Symfony\Component\HttpFoundation\RedirectResponse::__construct(): Argument #2 ($status) must be of type int, string given, called in /home/choice21/public_html/jinfeng/app/Helpers/redirect.php on line 21
Code: 0
File: /home/choice21/public_html/jinfeng/vendor/symfony/http-foundation/RedirectResponse.php
Line: 35
  
[2023-08-27 17:04:45] production.INFO: Exception Message:
Message: Symfony\Component\HttpFoundation\RedirectResponse::__construct(): Argument #2 ($status) must be of type int, string given, called in /home/choice21/public_html/jinfeng/app/Helpers/redirect.php on line 21
Code: 0
File: /home/choice21/public_html/jinfeng/vendor/symfony/http-foundation/RedirectResponse.php
Line: 35
  
[2023-08-27 18:35:10] production.INFO: Exception Message:
Message: Symfony\Component\HttpFoundation\RedirectResponse::__construct(): Argument #2 ($status) must be of type int, string given, called in /home/choice21/public_html/jinfeng/app/Helpers/redirect.php on line 21
Code: 0
File: /home/choice21/public_html/jinfeng/vendor/symfony/http-foundation/RedirectResponse.php
Line: 35
  
[2023-08-27 20:40:48] production.INFO: Exception Message:
Message: Symfony\Component\HttpFoundation\RedirectResponse::__construct(): Argument #2 ($status) must be of type int, string given, called in /home/choice21/public_html/jinfeng/app/Helpers/redirect.php on line 21
Code: 0
File: /home/choice21/public_html/jinfeng/vendor/symfony/http-foundation/RedirectResponse.php
Line: 35
  
[2023-08-28 18:41:53] production.INFO: Exception Message:
Message: Symfony\Component\HttpFoundation\RedirectResponse::__construct(): Argument #2 ($status) must be of type int, string given, called in /home/choice21/public_html/jinfeng/app/Helpers/redirect.php on line 21
Code: 0
File: /home/choice21/public_html/jinfeng/vendor/symfony/http-foundation/RedirectResponse.php
Line: 35
  
[2023-08-28 20:57:39] production.INFO: Exception Message:
Message: Symfony\Component\HttpFoundation\RedirectResponse::__construct(): Argument #2 ($status) must be of type int, string given, called in /home/choice21/public_html/jinfeng/app/Helpers/redirect.php on line 21
Code: 0
File: /home/choice21/public_html/jinfeng/vendor/symfony/http-foundation/RedirectResponse.php
Line: 35
  
[2023-08-29 14:29:55] production.INFO: Exception Message:
Message: Symfony\Component\HttpFoundation\RedirectResponse::__construct(): Argument #2 ($status) must be of type int, string given, called in /home/choice21/public_html/jinfeng/app/Helpers/redirect.php on line 21
Code: 0
File: /home/choice21/public_html/jinfeng/vendor/symfony/http-foundation/RedirectResponse.php
Line: 35
  
[2023-08-30 20:23:38] production.INFO: Exception Message:
Message: Symfony\Component\HttpFoundation\RedirectResponse::__construct(): Argument #2 ($status) must be of type int, string given, called in /home/choice21/public_html/jinfeng/app/Helpers/redirect.php on line 21
Code: 0
File: /home/choice21/public_html/jinfeng/vendor/symfony/http-foundation/RedirectResponse.php
Line: 35
  
[2023-08-31 06:18:05] production.INFO: Exception Message:
Message: Symfony\Component\HttpFoundation\RedirectResponse::__construct(): Argument #2 ($status) must be of type int, string given, called in /home/choice21/public_html/jinfeng/app/Helpers/redirect.php on line 21
Code: 0
File: /home/choice21/public_html/jinfeng/vendor/symfony/http-foundation/RedirectResponse.php
Line: 35
  
[2023-08-31 06:50:19] production.INFO: Exception Message:
Message: Symfony\Component\HttpFoundation\RedirectResponse::__construct(): Argument #2 ($status) must be of type int, string given, called in /home/choice21/public_html/jinfeng/app/Helpers/redirect.php on line 21
Code: 0
File: /home/choice21/public_html/jinfeng/vendor/symfony/http-foundation/RedirectResponse.php
Line: 35
  
[2023-08-31 20:50:35] production.INFO: Exception Message:
Message: Symfony\Component\HttpFoundation\RedirectResponse::__construct(): Argument #2 ($status) must be of type int, string given, called in /home/choice21/public_html/jinfeng/app/Helpers/redirect.php on line 21
Code: 0
File: /home/choice21/public_html/jinfeng/vendor/symfony/http-foundation/RedirectResponse.php
Line: 35
  
