[2024-02-01 02:08:33] production.INFO: Exception Message:
Message: Symfony\Component\HttpFoundation\RedirectResponse::__construct(): Argument #2 ($status) must be of type int, string given, called in /home/choice21/public_html/jinfeng/app/Helpers/redirect.php on line 21
Code: 0
File: /home/choice21/public_html/jinfeng/vendor/symfony/http-foundation/RedirectResponse.php
Line: 35
  
[2024-02-01 02:08:33] production.INFO: Exception Message:
Message: Symfony\Component\HttpFoundation\RedirectResponse::__construct(): Argument #2 ($status) must be of type int, string given, called in /home/choice21/public_html/jinfeng/app/Helpers/redirect.php on line 21
Code: 0
File: /home/choice21/public_html/jinfeng/vendor/symfony/http-foundation/RedirectResponse.php
Line: 35
  
[2024-02-01 09:51:53] production.INFO: Exception Message:
Message: Symfony\Component\HttpFoundation\RedirectResponse::__construct(): Argument #2 ($status) must be of type int, string given, called in /home/choice21/public_html/jinfeng/app/Helpers/redirect.php on line 21
Code: 0
File: /home/choice21/public_html/jinfeng/vendor/symfony/http-foundation/RedirectResponse.php
Line: 35
  
[2024-02-01 23:57:22] production.INFO: Exception Message:
Message: Symfony\Component\HttpFoundation\RedirectResponse::__construct(): Argument #2 ($status) must be of type int, string given, called in /home/choice21/public_html/jinfeng/app/Helpers/redirect.php on line 21
Code: 0
File: /home/choice21/public_html/jinfeng/vendor/symfony/http-foundation/RedirectResponse.php
Line: 35
  
[2024-02-02 03:59:58] production.INFO: Exception Message:
Message: Symfony\Component\HttpFoundation\RedirectResponse::__construct(): Argument #2 ($status) must be of type int, string given, called in /home/choice21/public_html/jinfeng/app/Helpers/redirect.php on line 21
Code: 0
File: /home/choice21/public_html/jinfeng/vendor/symfony/http-foundation/RedirectResponse.php
Line: 35
  
[2024-02-04 19:27:56] production.INFO: Exception Message:
Message: Symfony\Component\HttpFoundation\RedirectResponse::__construct(): Argument #2 ($status) must be of type int, string given, called in /home/choice21/public_html/jinfeng/app/Helpers/redirect.php on line 21
Code: 0
File: /home/choice21/public_html/jinfeng/vendor/symfony/http-foundation/RedirectResponse.php
Line: 35
  
[2024-02-04 19:28:01] production.INFO: Exception Message:
Message: Symfony\Component\HttpFoundation\RedirectResponse::__construct(): Argument #2 ($status) must be of type int, string given, called in /home/choice21/public_html/jinfeng/app/Helpers/redirect.php on line 21
Code: 0
File: /home/choice21/public_html/jinfeng/vendor/symfony/http-foundation/RedirectResponse.php
Line: 35
  
[2024-02-04 19:28:04] production.INFO: Exception Message:
Message: Symfony\Component\HttpFoundation\RedirectResponse::__construct(): Argument #2 ($status) must be of type int, string given, called in /home/choice21/public_html/jinfeng/app/Helpers/redirect.php on line 21
Code: 0
File: /home/choice21/public_html/jinfeng/vendor/symfony/http-foundation/RedirectResponse.php
Line: 35
  
[2024-02-04 19:28:07] production.INFO: Exception Message:
Message: Symfony\Component\HttpFoundation\RedirectResponse::__construct(): Argument #2 ($status) must be of type int, string given, called in /home/choice21/public_html/jinfeng/app/Helpers/redirect.php on line 21
Code: 0
File: /home/choice21/public_html/jinfeng/vendor/symfony/http-foundation/RedirectResponse.php
Line: 35
  
[2024-02-04 19:28:07] production.INFO: Exception Message:
Message: Symfony\Component\HttpFoundation\RedirectResponse::__construct(): Argument #2 ($status) must be of type int, string given, called in /home/choice21/public_html/jinfeng/app/Helpers/redirect.php on line 21
Code: 0
File: /home/choice21/public_html/jinfeng/vendor/symfony/http-foundation/RedirectResponse.php
Line: 35
  
[2024-02-04 19:28:08] production.INFO: Exception Message:
Message: Symfony\Component\HttpFoundation\RedirectResponse::__construct(): Argument #2 ($status) must be of type int, string given, called in /home/choice21/public_html/jinfeng/app/Helpers/redirect.php on line 21
Code: 0
File: /home/choice21/public_html/jinfeng/vendor/symfony/http-foundation/RedirectResponse.php
Line: 35
  
[2024-02-04 19:28:10] production.INFO: Exception Message:
Message: Symfony\Component\HttpFoundation\RedirectResponse::__construct(): Argument #2 ($status) must be of type int, string given, called in /home/choice21/public_html/jinfeng/app/Helpers/redirect.php on line 21
Code: 0
File: /home/choice21/public_html/jinfeng/vendor/symfony/http-foundation/RedirectResponse.php
Line: 35
  
[2024-02-06 18:42:27] production.INFO: Exception Message:
Message: Symfony\Component\HttpFoundation\RedirectResponse::__construct(): Argument #2 ($status) must be of type int, string given, called in /home/choice21/public_html/jinfeng/app/Helpers/redirect.php on line 21
Code: 0
File: /home/choice21/public_html/jinfeng/vendor/symfony/http-foundation/RedirectResponse.php
Line: 35
  
[2024-02-11 22:41:36] production.INFO: Exception Message:
Message: Symfony\Component\HttpFoundation\RedirectResponse::__construct(): Argument #2 ($status) must be of type int, string given, called in /home/choice21/public_html/jinfeng/app/Helpers/redirect.php on line 21
Code: 0
File: /home/choice21/public_html/jinfeng/vendor/symfony/http-foundation/RedirectResponse.php
Line: 35
  
[2024-02-13 00:16:25] production.INFO: Exception Message:
Message: Symfony\Component\HttpFoundation\RedirectResponse::__construct(): Argument #2 ($status) must be of type int, string given, called in /home/choice21/public_html/jinfeng/app/Helpers/redirect.php on line 21
Code: 0
File: /home/choice21/public_html/jinfeng/vendor/symfony/http-foundation/RedirectResponse.php
Line: 35
  
[2024-02-15 10:50:06] production.INFO: Exception Message:
Message: Symfony\Component\HttpFoundation\RedirectResponse::__construct(): Argument #2 ($status) must be of type int, string given, called in /home/choice21/public_html/jinfeng/app/Helpers/redirect.php on line 21
Code: 0
File: /home/choice21/public_html/jinfeng/vendor/symfony/http-foundation/RedirectResponse.php
Line: 35
  
[2024-02-16 19:31:06] production.INFO: Exception Message:
Message: Symfony\Component\HttpFoundation\RedirectResponse::__construct(): Argument #2 ($status) must be of type int, string given, called in /home/choice21/public_html/jinfeng/app/Helpers/redirect.php on line 21
Code: 0
File: /home/choice21/public_html/jinfeng/vendor/symfony/http-foundation/RedirectResponse.php
Line: 35
  
[2024-02-20 03:46:15] production.INFO: Exception Message:
Message: Symfony\Component\HttpFoundation\RedirectResponse::__construct(): Argument #2 ($status) must be of type int, string given, called in /home/choice21/public_html/jinfeng/app/Helpers/redirect.php on line 21
Code: 0
File: /home/choice21/public_html/jinfeng/vendor/symfony/http-foundation/RedirectResponse.php
Line: 35
  
[2024-02-22 03:53:03] production.INFO: Exception Message:
Message: Symfony\Component\HttpFoundation\RedirectResponse::__construct(): Argument #2 ($status) must be of type int, string given, called in /home/choice21/public_html/jinfeng/app/Helpers/redirect.php on line 21
Code: 0
File: /home/choice21/public_html/jinfeng/vendor/symfony/http-foundation/RedirectResponse.php
Line: 35
  
[2024-02-29 21:00:40] production.INFO: Exception Message:
Message: Symfony\Component\HttpFoundation\RedirectResponse::__construct(): Argument #2 ($status) must be of type int, string given, called in /home/choice21/public_html/jinfeng/app/Helpers/redirect.php on line 21
Code: 0
File: /home/choice21/public_html/jinfeng/vendor/symfony/http-foundation/RedirectResponse.php
Line: 35
  
