[2024-01-01 09:32:48] production.INFO: Exception Message:
Message: Symfony\Component\HttpFoundation\RedirectResponse::__construct(): Argument #2 ($status) must be of type int, string given, called in /home/choice21/public_html/jinfeng/app/Helpers/redirect.php on line 21
Code: 0
File: /home/choice21/public_html/jinfeng/vendor/symfony/http-foundation/RedirectResponse.php
Line: 35
  
[2024-01-01 10:56:17] production.INFO: Exception Message:
Message: Symfony\Component\HttpFoundation\RedirectResponse::__construct(): Argument #2 ($status) must be of type int, string given, called in /home/choice21/public_html/jinfeng/app/Helpers/redirect.php on line 21
Code: 0
File: /home/choice21/public_html/jinfeng/vendor/symfony/http-foundation/RedirectResponse.php
Line: 35
  
[2024-01-02 10:39:37] production.INFO: Exception Message:
Message: Symfony\Component\HttpFoundation\RedirectResponse::__construct(): Argument #2 ($status) must be of type int, string given, called in /home/choice21/public_html/jinfeng/app/Helpers/redirect.php on line 21
Code: 0
File: /home/choice21/public_html/jinfeng/vendor/symfony/http-foundation/RedirectResponse.php
Line: 35
  
[2024-01-06 11:47:13] production.INFO: Exception Message:
Message: implode(): Argument #1 ($array) must be of type array, string given
Code: 0
File: /home/choice21/public_html/jinfeng/app/Controller/Web/ContactController.php
Line: 41
  
[2024-01-09 14:25:56] production.INFO: Exception Message:
Message: Symfony\Component\HttpFoundation\RedirectResponse::__construct(): Argument #2 ($status) must be of type int, string given, called in /home/choice21/public_html/jinfeng/app/Helpers/redirect.php on line 21
Code: 0
File: /home/choice21/public_html/jinfeng/vendor/symfony/http-foundation/RedirectResponse.php
Line: 35
  
[2024-01-17 18:53:16] production.INFO: Exception Message:
Message: Symfony\Component\HttpFoundation\RedirectResponse::__construct(): Argument #2 ($status) must be of type int, string given, called in /home/choice21/public_html/jinfeng/app/Helpers/redirect.php on line 21
Code: 0
File: /home/choice21/public_html/jinfeng/vendor/symfony/http-foundation/RedirectResponse.php
Line: 35
  
[2024-01-17 18:53:18] production.INFO: Exception Message:
Message: Symfony\Component\HttpFoundation\RedirectResponse::__construct(): Argument #2 ($status) must be of type int, string given, called in /home/choice21/public_html/jinfeng/app/Helpers/redirect.php on line 21
Code: 0
File: /home/choice21/public_html/jinfeng/vendor/symfony/http-foundation/RedirectResponse.php
Line: 35
  
[2024-01-17 18:53:21] production.INFO: Exception Message:
Message: Symfony\Component\HttpFoundation\RedirectResponse::__construct(): Argument #2 ($status) must be of type int, string given, called in /home/choice21/public_html/jinfeng/app/Helpers/redirect.php on line 21
Code: 0
File: /home/choice21/public_html/jinfeng/vendor/symfony/http-foundation/RedirectResponse.php
Line: 35
  
[2024-01-17 18:53:23] production.INFO: Exception Message:
Message: Symfony\Component\HttpFoundation\RedirectResponse::__construct(): Argument #2 ($status) must be of type int, string given, called in /home/choice21/public_html/jinfeng/app/Helpers/redirect.php on line 21
Code: 0
File: /home/choice21/public_html/jinfeng/vendor/symfony/http-foundation/RedirectResponse.php
Line: 35
  
[2024-01-17 18:53:25] production.INFO: Exception Message:
Message: Symfony\Component\HttpFoundation\RedirectResponse::__construct(): Argument #2 ($status) must be of type int, string given, called in /home/choice21/public_html/jinfeng/app/Helpers/redirect.php on line 21
Code: 0
File: /home/choice21/public_html/jinfeng/vendor/symfony/http-foundation/RedirectResponse.php
Line: 35
  
[2024-01-17 18:53:27] production.INFO: Exception Message:
Message: Symfony\Component\HttpFoundation\RedirectResponse::__construct(): Argument #2 ($status) must be of type int, string given, called in /home/choice21/public_html/jinfeng/app/Helpers/redirect.php on line 21
Code: 0
File: /home/choice21/public_html/jinfeng/vendor/symfony/http-foundation/RedirectResponse.php
Line: 35
  
[2024-01-27 01:38:04] production.INFO: Exception Message:
Message: Symfony\Component\HttpFoundation\RedirectResponse::__construct(): Argument #2 ($status) must be of type int, string given, called in /home/choice21/public_html/jinfeng/app/Helpers/redirect.php on line 21
Code: 0
File: /home/choice21/public_html/jinfeng/vendor/symfony/http-foundation/RedirectResponse.php
Line: 35
  
[2024-01-29 09:56:22] production.INFO: Exception Message:
Message: Symfony\Component\HttpFoundation\RedirectResponse::__construct(): Argument #2 ($status) must be of type int, string given, called in /home/choice21/public_html/jinfeng/app/Helpers/redirect.php on line 21
Code: 0
File: /home/choice21/public_html/jinfeng/vendor/symfony/http-foundation/RedirectResponse.php
Line: 35
  
[2024-01-30 03:16:12] production.INFO: Exception Message:
Message: Symfony\Component\HttpFoundation\RedirectResponse::__construct(): Argument #2 ($status) must be of type int, string given, called in /home/choice21/public_html/jinfeng/app/Helpers/redirect.php on line 21
Code: 0
File: /home/choice21/public_html/jinfeng/vendor/symfony/http-foundation/RedirectResponse.php
Line: 35
  
[2024-01-30 03:16:16] production.INFO: Exception Message:
Message: Symfony\Component\HttpFoundation\RedirectResponse::__construct(): Argument #2 ($status) must be of type int, string given, called in /home/choice21/public_html/jinfeng/app/Helpers/redirect.php on line 21
Code: 0
File: /home/choice21/public_html/jinfeng/vendor/symfony/http-foundation/RedirectResponse.php
Line: 35
  
[2024-01-30 03:16:19] production.INFO: Exception Message:
Message: Symfony\Component\HttpFoundation\RedirectResponse::__construct(): Argument #2 ($status) must be of type int, string given, called in /home/choice21/public_html/jinfeng/app/Helpers/redirect.php on line 21
Code: 0
File: /home/choice21/public_html/jinfeng/vendor/symfony/http-foundation/RedirectResponse.php
Line: 35
  
[2024-01-30 03:16:20] production.INFO: Exception Message:
Message: Symfony\Component\HttpFoundation\RedirectResponse::__construct(): Argument #2 ($status) must be of type int, string given, called in /home/choice21/public_html/jinfeng/app/Helpers/redirect.php on line 21
Code: 0
File: /home/choice21/public_html/jinfeng/vendor/symfony/http-foundation/RedirectResponse.php
Line: 35
  
[2024-01-30 03:16:21] production.INFO: Exception Message:
Message: Symfony\Component\HttpFoundation\RedirectResponse::__construct(): Argument #2 ($status) must be of type int, string given, called in /home/choice21/public_html/jinfeng/app/Helpers/redirect.php on line 21
Code: 0
File: /home/choice21/public_html/jinfeng/vendor/symfony/http-foundation/RedirectResponse.php
Line: 35
  
[2024-01-30 03:16:21] production.INFO: Exception Message:
Message: Symfony\Component\HttpFoundation\RedirectResponse::__construct(): Argument #2 ($status) must be of type int, string given, called in /home/choice21/public_html/jinfeng/app/Helpers/redirect.php on line 21
Code: 0
File: /home/choice21/public_html/jinfeng/vendor/symfony/http-foundation/RedirectResponse.php
Line: 35
  
[2024-01-30 03:16:23] production.INFO: Exception Message:
Message: Symfony\Component\HttpFoundation\RedirectResponse::__construct(): Argument #2 ($status) must be of type int, string given, called in /home/choice21/public_html/jinfeng/app/Helpers/redirect.php on line 21
Code: 0
File: /home/choice21/public_html/jinfeng/vendor/symfony/http-foundation/RedirectResponse.php
Line: 35
  
